node.exe : 
testPathPattern:
At 
E:\nodejs\npx.ps1:29 
char:3
+   & $NODE_EXE 
$NPX_CLI_JS $args
+   ~~~~~~~~~~~~~~~~~
~~~~~~~~~~~~
    + CategoryInfo   
           : NotSpe  
  cified: (testPat   
 hPattern::String    
) [], RemoteExce    
ption
    + FullyQualified 
   ErrorId : Native  
  CommandError
 

  Option 
"testPathPattern" 
was replaced by "--te
stPathPatterns". 
"--testPathPatterns" 
is only available as 
a command-line 
option.
  
  Please update your 
configuration.

  CLI Options 
Documentation:
  https://jestjs.io/d
ocs/cli

